[1215/172941.907:ERROR:directory_reader_win.cc(43)] FindFirstFile: The system cannot find the path specified. (0x3)
[1215/193027.074:ERROR:directory_reader_win.cc(43)] FindFirstFile: The system cannot find the path specified. (0x3)
[1215/193829.789:ERROR:directory_reader_win.cc(43)] FindFirstFile: The system cannot find the path specified. (0x3)
[1215/193929.729:ERROR:directory_reader_win.cc(43)] FindFirstFile: The system cannot find the path specified. (0x3)
[1215/205050.902:ERROR:directory_reader_win.cc(43)] FindFirstFile: The system cannot find the path specified. (0x3)
[1215/210118.031:ERROR:process_memory_win.cc(73)] ReadMemory at 0x1f1c637f140 of 72 bytes failed: Only part of a ReadProcessMemory or WriteProcessMemory request was completed. (0x12B)
[1215/210118.032:WARNING:pe_image_annotations_reader.cc(135)] could not read annotations list object in C:\Program Files (x86)\Google\Chrome\Application\87.0.4280.88\chrome_elf.dll
[1215/210118.033:ERROR:process_memory_win.cc(73)] ReadMemory at 0x1f1c63b63d0 of 72 bytes failed: Only part of a ReadProcessMemory or WriteProcessMemory request was completed. (0x12B)
[1215/210118.033:WARNING:pe_image_annotations_reader.cc(135)] could not read annotations list object in C:\Program Files (x86)\Google\Chrome\Application\87.0.4280.88\chrome.dll
[1215/210118.045:ERROR:process_memory_win.cc(73)] ReadMemory at 0x1f1c637f140 of 72 bytes failed: Only part of a ReadProcessMemory or WriteProcessMemory request was completed. (0x12B)
[1215/210118.045:WARNING:pe_image_annotations_reader.cc(135)] could not read annotations list object in C:\Program Files (x86)\Google\Chrome\Application\87.0.4280.88\chrome_elf.dll
[1215/210118.045:ERROR:process_memory_win.cc(73)] ReadMemory at 0x1f1c63b63d0 of 72 bytes failed: Only part of a ReadProcessMemory or WriteProcessMemory request was completed. (0x12B)
[1215/210118.045:WARNING:pe_image_annotations_reader.cc(135)] could not read annotations list object in C:\Program Files (x86)\Google\Chrome\Application\87.0.4280.88\chrome.dll
[1215/210118.048:ERROR:process_memory_win.cc(73)] ReadMemory at 0x1f1c637f140 of 72 bytes failed: Only part of a ReadProcessMemory or WriteProcessMemory request was completed. (0x12B)
[1215/210118.048:WARNING:pe_image_annotations_reader.cc(135)] could not read annotations list object in C:\Program Files (x86)\Google\Chrome\Application\87.0.4280.88\chrome_elf.dll
[1215/210118.048:ERROR:process_memory_win.cc(73)] ReadMemory at 0x1f1c63b63d0 of 72 bytes failed: Only part of a ReadProcessMemory or WriteProcessMemory request was completed. (0x12B)
[1215/210118.048:WARNING:pe_image_annotations_reader.cc(135)] could not read annotations list object in C:\Program Files (x86)\Google\Chrome\Application\87.0.4280.88\chrome.dll
[1215/210118.084:ERROR:process_memory_win.cc(73)] ReadMemory at 0x2584bec000 of 81920 bytes failed: Only part of a ReadProcessMemory or WriteProcessMemory request was completed. (0x12B)
[1215/210118.085:ERROR:process_memory_win.cc(73)] ReadMemory at 0x25853fe000 of 8192 bytes failed: Only part of a ReadProcessMemory or WriteProcessMemory request was completed. (0x12B)
[1215/210118.085:ERROR:process_memory_win.cc(73)] ReadMemory at 0x2585bf4000 of 49152 bytes failed: Only part of a ReadProcessMemory or WriteProcessMemory request was completed. (0x12B)
[1215/210118.086:ERROR:process_memory_win.cc(73)] ReadMemory at 0x25863fe000 of 8192 bytes failed: Only part of a ReadProcessMemory or WriteProcessMemory request was completed. (0x12B)
[1215/210118.086:ERROR:process_memory_win.cc(73)] ReadMemory at 0x2586bfc000 of 16384 bytes failed: Only part of a ReadProcessMemory or WriteProcessMemory request was completed. (0x12B)
[1215/210118.086:ERROR:process_memory_win.cc(73)] ReadMemory at 0x25873fe000 of 8192 bytes failed: Only part of a ReadProcessMemory or WriteProcessMemory request was completed. (0x12B)
[1215/210118.086:ERROR:process_memory_win.cc(73)] ReadMemory at 0x2587bfe000 of 8192 bytes failed: Only part of a ReadProcessMemory or WriteProcessMemory request was completed. (0x12B)
[1215/210118.087:ERROR:process_memory_win.cc(73)] ReadMemory at 0x25883fc000 of 16384 bytes failed: Only part of a ReadProcessMemory or WriteProcessMemory request was completed. (0x12B)
[1215/210118.087:ERROR:process_memory_win.cc(73)] ReadMemory at 0x2588bf8000 of 32768 bytes failed: Only part of a ReadProcessMemory or WriteProcessMemory request was completed. (0x12B)
[1215/210118.087:ERROR:process_memory_win.cc(73)] ReadMemory at 0x25893fe000 of 8192 bytes failed: Only part of a ReadProcessMemory or WriteProcessMemory request was completed. (0x12B)
[1215/210118.087:ERROR:process_memory_win.cc(73)] ReadMemory at 0x2589bfa000 of 24576 bytes failed: Only part of a ReadProcessMemory or WriteProcessMemory request was completed. (0x12B)
[1215/210118.088:ERROR:process_memory_win.cc(73)] ReadMemory at 0x258a3fb000 of 20480 bytes failed: Only part of a ReadProcessMemory or WriteProcessMemory request was completed. (0x12B)
[1215/210118.088:ERROR:process_memory_win.cc(73)] ReadMemory at 0x258abfe000 of 8192 bytes failed: Only part of a ReadProcessMemory or WriteProcessMemory request was completed. (0x12B)
[1215/210118.088:ERROR:process_memory_win.cc(73)] ReadMemory at 0x258b3fe000 of 8192 bytes failed: Only part of a ReadProcessMemory or WriteProcessMemory request was completed. (0x12B)
[1215/210118.088:ERROR:process_memory_win.cc(73)] ReadMemory at 0x258428b000 of 852 bytes failed: Only part of a ReadProcessMemory or WriteProcessMemory request was completed. (0x12B)
[1215/210118.089:ERROR:process_memory_win.cc(73)] ReadMemory at 0x258428c000 of 6024 bytes failed: Only part of a ReadProcessMemory or WriteProcessMemory request was completed. (0x12B)
[1215/210118.089:ERROR:process_memory_win.cc(73)] ReadMemory at 0x258428e000 of 6024 bytes failed: Only part of a ReadProcessMemory or WriteProcessMemory request was completed. (0x12B)
[1215/210118.089:ERROR:process_memory_win.cc(73)] ReadMemory at 0x2584290000 of 6024 bytes failed: Only part of a ReadProcessMemory or WriteProcessMemory request was completed. (0x12B)
[1215/210118.089:ERROR:process_memory_win.cc(73)] ReadMemory at 0x2584292000 of 6024 bytes failed: Only part of a ReadProcessMemory or WriteProcessMemory request was completed. (0x12B)
[1215/210118.089:ERROR:process_memory_win.cc(73)] ReadMemory at 0x2584294000 of 6024 bytes failed: Only part of a ReadProcessMemory or WriteProcessMemory request was completed. (0x12B)
[1215/210118.089:ERROR:process_memory_win.cc(73)] ReadMemory at 0x2584296000 of 6024 bytes failed: Only part of a ReadProcessMemory or WriteProcessMemory request was completed. (0x12B)
[1215/210118.090:ERROR:process_memory_win.cc(73)] ReadMemory at 0x2584298000 of 6024 bytes failed: Only part of a ReadProcessMemory or WriteProcessMemory request was completed. (0x12B)
[1215/210118.090:ERROR:process_memory_win.cc(73)] ReadMemory at 0x258429a000 of 6024 bytes failed: Only part of a ReadProcessMemory or WriteProcessMemory request was completed. (0x12B)
[1215/210118.091:ERROR:process_memory_win.cc(73)] ReadMemory at 0x258429c000 of 6024 bytes failed: Only part of a ReadProcessMemory or WriteProcessMemory request was completed. (0x12B)
[1215/210118.091:ERROR:process_memory_win.cc(73)] ReadMemory at 0x258429e000 of 6024 bytes failed: Only part of a ReadProcessMemory or WriteProcessMemory request was completed. (0x12B)
[1215/210118.091:ERROR:process_memory_win.cc(73)] ReadMemory at 0x25842a0000 of 6024 bytes failed: Only part of a ReadProcessMemory or WriteProcessMemory request was completed. (0x12B)
[1215/210118.091:ERROR:process_memory_win.cc(73)] ReadMemory at 0x25842a2000 of 6024 bytes failed: Only part of a ReadProcessMemory or WriteProcessMemory request was completed. (0x12B)
[1215/210118.092:ERROR:process_memory_win.cc(73)] ReadMemory at 0x25842a4000 of 6024 bytes failed: Only part of a ReadProcessMemory or WriteProcessMemory request was completed. (0x12B)
[1215/210118.092:ERROR:process_memory_win.cc(73)] ReadMemory at 0x25842a6000 of 6024 bytes failed: Only part of a ReadProcessMemory or WriteProcessMemory request was completed. (0x12B)
[1215/210118.092:ERROR:process_memory_win.cc(73)] ReadMemory at 0x1f1c6350000 of 384 bytes failed: Only part of a ReadProcessMemory or WriteProcessMemory request was completed. (0x12B)
[1215/210118.092:ERROR:process_memory_win.cc(73)] ReadMemory at 0x1f1c6350c40 of 1184 bytes failed: Only part of a ReadProcessMemory or WriteProcessMemory request was completed. (0x12B)
[1215/210118.092:ERROR:process_memory_win.cc(73)] ReadMemory at 0x1f1c6351ae0 of 512 bytes failed: Only part of a ReadProcessMemory or WriteProcessMemory request was completed. (0x12B)
[1215/210118.092:ERROR:process_memory_win.cc(73)] ReadMemory at 0x1f1c6370000 of 384 bytes failed: Only part of a ReadProcessMemory or WriteProcessMemory request was completed. (0x12B)
[1215/210118.093:ERROR:process_memory_win.cc(73)] ReadMemory at 0x1f1c6370fe0 of 6880 bytes failed: Only part of a ReadProcessMemory or WriteProcessMemory request was completed. (0x12B)
[1215/210118.093:ERROR:process_memory_win.cc(73)] ReadMemory at 0x1f1c6372ad0 of 1012 bytes failed: Only part of a ReadProcessMemory or WriteProcessMemory request was completed. (0x12B)
[1215/210118.093:ERROR:process_memory_win.cc(73)] ReadMemory at 0x1f1c6373118 of 118 bytes failed: Only part of a ReadProcessMemory or WriteProcessMemory request was completed. (0x12B)
[1215/210118.093:ERROR:process_memory_win.cc(73)] ReadMemory at 0x1f1c6373190 of 1140 bytes failed: Only part of a ReadProcessMemory or WriteProcessMemory request was completed. (0x12B)
[1215/210118.093:ERROR:process_memory_win.cc(73)] ReadMemory at 0x1f1c6373606 of 118 bytes failed: Only part of a ReadProcessMemory or WriteProcessMemory request was completed. (0x12B)
[1215/210118.093:ERROR:process_memory_win.cc(73)] ReadMemory at 0x1f1c637367e of 94 bytes failed: Only part of a ReadProcessMemory or WriteProcessMemory request was completed. (0x12B)
[1215/210118.095:ERROR:process_memory_win.cc(73)] ReadMemory at 0x1f1c63736f0 of 58 bytes failed: Only part of a ReadProcessMemory or WriteProcessMemory request was completed. (0x12B)
[1215/210118.095:ERROR:process_memory_win.cc(73)] ReadMemory at 0x1f1c63737f0 of 132 bytes failed: Only part of a ReadProcessMemory or WriteProcessMemory request was completed. (0x12B)
[1215/210118.095:ERROR:process_memory_win.cc(73)] ReadMemory at 0x1f1c6373980 of 132 bytes failed: Only part of a ReadProcessMemory or WriteProcessMemory request was completed. (0x12B)
[1215/210118.095:ERROR:process_memory_win.cc(73)] ReadMemory at 0x1f1c6373b40 of 124 bytes failed: Only part of a ReadProcessMemory or WriteProcessMemory request was completed. (0x12B)
[1215/210118.095:ERROR:process_memory_win.cc(73)] ReadMemory at 0x1f1c6374040 of 132 bytes failed: Only part of a ReadProcessMemory or WriteProcessMemory request was completed. (0x12B)
[1215/210118.095:ERROR:process_memory_win.cc(73)] ReadMemory at 0x1f1c63741d0 of 64 bytes failed: Only part of a ReadProcessMemory or WriteProcessMemory request was completed. (0x12B)
[1215/210118.095:ERROR:process_memory_win.cc(73)] ReadMemory at 0x1f1c6374390 of 132 bytes failed: Only part of a ReadProcessMemory or WriteProcessMemory request was completed. (0x12B)
[1215/210118.095:ERROR:process_memory_win.cc(73)] ReadMemory at 0x1f1c6374650 of 132 bytes failed: Only part of a ReadProcessMemory or WriteProcessMemory request was completed. (0x12B)
[1215/210118.095:ERROR:process_memory_win.cc(73)] ReadMemory at 0x1f1c63747e0 of 68 bytes failed: Only part of a ReadProcessMemory or WriteProcessMemory request was completed. (0x12B)
[1215/210118.096:ERROR:process_memory_win.cc(73)] ReadMemory at 0x1f1c6375970 of 132 bytes failed: Only part of a ReadProcessMemory or WriteProcessMemory request was completed. (0x12B)
[1215/210118.096:ERROR:process_memory_win.cc(73)] ReadMemory at 0x1f1c6375aa0 of 152 bytes failed: Only part of a ReadProcessMemory or WriteProcessMemory request was completed. (0x12B)
[1215/210118.096:ERROR:process_memory_win.cc(73)] ReadMemory at 0x1f1c63779b0 of 62 bytes failed: Only part of a ReadProcessMemory or WriteProcessMemory request was completed. (0x12B)
[1215/210118.096:ERROR:process_memory_win.cc(73)] ReadMemory at 0x1f1c6377ae0 of 132 bytes failed: Only part of a ReadProcessMemory or WriteProcessMemory request was completed. (0x12B)
[1215/210118.096:ERROR:process_memory_win.cc(73)] ReadMemory at 0x1f1c6377c70 of 60 bytes failed: Only part of a ReadProcessMemory or WriteProcessMemory request was completed. (0x12B)
[1215/210118.096:ERROR:process_memory_win.cc(73)] ReadMemory at 0x1f1c637be81 of 512 bytes failed: Only part of a ReadProcessMemory or WriteProcessMemory request was completed. (0x12B)
[1215/210118.096:ERROR:process_memory_win.cc(73)] ReadMemory at 0x1f1c6380c20 of 80 bytes failed: Only part of a ReadProcessMemory or WriteProcessMemory request was completed. (0x12B)
[1215/210118.097:ERROR:process_memory_win.cc(73)] ReadMemory at 0x1f1c6385270 of 132 bytes failed: Only part of a ReadProcessMemory or WriteProcessMemory request was completed. (0x12B)
[1215/210118.097:ERROR:process_memory_win.cc(73)] ReadMemory at 0x1f1c6385fb0 of 132 bytes failed: Only part of a ReadProcessMemory or WriteProcessMemory request was completed. (0x12B)
[1215/210118.097:ERROR:process_memory_win.cc(73)] ReadMemory at 0x1f1c6386d70 of 132 bytes failed: Only part of a ReadProcessMemory or WriteProcessMemory request was completed. (0x12B)
[1215/210118.097:ERROR:process_memory_win.cc(73)] ReadMemory at 0x1f1c6386ea0 of 132 bytes failed: Only part of a ReadProcessMemory or WriteProcessMemory request was completed. (0x12B)
[1215/210118.097:ERROR:process_memory_win.cc(73)] ReadMemory at 0x1f1c6386fd0 of 132 bytes failed: Only part of a ReadProcessMemory or WriteProcessMemory request was completed. (0x12B)
[1215/210118.097:ERROR:process_memory_win.cc(73)] ReadMemory at 0x1f1c6387100 of 132 bytes failed: Only part of a ReadProcessMemory or WriteProcessMemory request was completed. (0x12B)
[1215/210118.097:ERROR:process_memory_win.cc(73)] ReadMemory at 0x1f1c6387230 of 132 bytes failed: Only part of a ReadProcessMemory or WriteProcessMemory request was completed. (0x12B)
[1215/210118.097:ERROR:process_memory_win.cc(73)] ReadMemory at 0x1f1c6387360 of 132 bytes failed: Only part of a ReadProcessMemory or WriteProcessMemory request was completed. (0x12B)
[1215/210118.098:ERROR:process_memory_win.cc(73)] ReadMemory at 0x1f1c6387490 of 132 bytes failed: Only part of a ReadProcessMemory or WriteProcessMemory request was completed. (0x12B)
[1215/210118.098:ERROR:process_memory_win.cc(73)] ReadMemory at 0x1f1c63875c0 of 132 bytes failed: Only part of a ReadProcessMemory or WriteProcessMemory request was completed. (0x12B)
[1215/210118.098:ERROR:process_memory_win.cc(73)] ReadMemory at 0x1f1c63876f0 of 132 bytes failed: Only part of a ReadProcessMemory or WriteProcessMemory request was completed. (0x12B)
[1215/210118.098:ERROR:process_memory_win.cc(73)] ReadMemory at 0x1f1c6387820 of 132 bytes failed: Only part of a ReadProcessMemory or WriteProcessMemory request was completed. (0x12B)
[1215/210118.098:ERROR:process_memory_win.cc(73)] ReadMemory at 0x1f1c6387950 of 132 bytes failed: Only part of a ReadProcessMemory or WriteProcessMemory request was completed. (0x12B)
[1215/210118.098:ERROR:process_memory_win.cc(73)] ReadMemory at 0x1f1c6387a80 of 132 bytes failed: Only part of a ReadProcessMemory or WriteProcessMemory request was completed. (0x12B)
[1215/210118.098:ERROR:process_memory_win.cc(73)] ReadMemory at 0x1f1c6387bb0 of 132 bytes failed: Only part of a ReadProcessMemory or WriteProcessMemory request was completed. (0x12B)
[1215/210118.099:ERROR:process_memory_win.cc(73)] ReadMemory at 0x1f1c63886e0 of 64 bytes failed: Only part of a ReadProcessMemory or WriteProcessMemory request was completed. (0x12B)
[1215/210118.099:ERROR:process_memory_win.cc(73)] ReadMemory at 0x1f1c63887d0 of 64 bytes failed: Only part of a ReadProcessMemory or WriteProcessMemory request was completed. (0x12B)
[1215/210118.099:ERROR:process_memory_win.cc(73)] ReadMemory at 0x1f1c63889b0 of 62 bytes failed: Only part of a ReadProcessMemory or WriteProcessMemory request was completed. (0x12B)
[1215/210118.099:ERROR:process_memory_win.cc(73)] ReadMemory at 0x1f1c6388a00 of 62 bytes failed: Only part of a ReadProcessMemory or WriteProcessMemory request was completed. (0x12B)
[1215/210118.099:ERROR:process_memory_win.cc(73)] ReadMemory at 0x1f1c6388aa0 of 62 bytes failed: Only part of a ReadProcessMemory or WriteProcessMemory request was completed. (0x12B)
[1215/210118.099:ERROR:process_memory_win.cc(73)] ReadMemory at 0x1f1c6388be0 of 60 bytes failed: Only part of a ReadProcessMemory or WriteProcessMemory request was completed. (0x12B)
[1215/210118.099:ERROR:process_memory_win.cc(73)] ReadMemory at 0x1f1c6388d20 of 62 bytes failed: Only part of a ReadProcessMemory or WriteProcessMemory request was completed. (0x12B)
[1215/210118.099:ERROR:process_memory_win.cc(73)] ReadMemory at 0x1f1c6388d70 of 66 bytes failed: Only part of a ReadProcessMemory or WriteProcessMemory request was completed. (0x12B)
[1215/210118.099:ERROR:process_memory_win.cc(73)] ReadMemory at 0x1f1c6388e10 of 64 bytes failed: Only part of a ReadProcessMemory or WriteProcessMemory request was completed. (0x12B)
[1215/210118.100:ERROR:process_memory_win.cc(73)] ReadMemory at 0x1f1c6388eb0 of 62 bytes failed: Only part of a ReadProcessMemory or WriteProcessMemory request was completed. (0x12B)
[1215/210118.100:ERROR:process_memory_win.cc(73)] ReadMemory at 0x1f1c6388f00 of 62 bytes failed: Only part of a ReadProcessMemory or WriteProcessMemory request was completed. (0x12B)
[1215/210118.100:ERROR:process_memory_win.cc(73)] ReadMemory at 0x1f1c6389040 of 58 bytes failed: Only part of a ReadProcessMemory or WriteProcessMemory request was completed. (0x12B)
[1215/210118.100:ERROR:process_memory_win.cc(73)] ReadMemory at 0x1f1c63890e0 of 60 bytes failed: Only part of a ReadProcessMemory or WriteProcessMemory request was completed. (0x12B)
[1215/210118.100:ERROR:process_memory_win.cc(73)] ReadMemory at 0x1f1c6389180 of 64 bytes failed: Only part of a ReadProcessMemory or WriteProcessMemory request was completed. (0x12B)
[1215/210118.100:ERROR:process_memory_win.cc(73)] ReadMemory at 0x1f1c63891d0 of 64 bytes failed: Only part of a ReadProcessMemory or WriteProcessMemory request was completed. (0x12B)
[1215/210118.100:ERROR:process_memory_win.cc(73)] ReadMemory at 0x1f1c6389270 of 62 bytes failed: Only part of a ReadProcessMemory or WriteProcessMemory request was completed. (0x12B)
[1215/210118.100:ERROR:process_memory_win.cc(73)] ReadMemory at 0x1f1c63892c0 of 60 bytes failed: Only part of a ReadProcessMemory or WriteProcessMemory request was completed. (0x12B)
[1215/210118.100:ERROR:process_memory_win.cc(73)] ReadMemory at 0x1f1c6389310 of 64 bytes failed: Only part of a ReadProcessMemory or WriteProcessMemory request was completed. (0x12B)
[1215/210118.101:ERROR:process_memory_win.cc(73)] ReadMemory at 0x1f1c6389360 of 64 bytes failed: Only part of a ReadProcessMemory or WriteProcessMemory request was completed. (0x12B)
[1215/210118.101:ERROR:process_memory_win.cc(73)] ReadMemory at 0x1f1c63894a0 of 62 bytes failed: Only part of a ReadProcessMemory or WriteProcessMemory request was completed. (0x12B)
[1215/210118.101:ERROR:process_memory_win.cc(73)] ReadMemory at 0x1f1c63894f0 of 62 bytes failed: Only part of a ReadProcessMemory or WriteProcessMemory request was completed. (0x12B)
[1215/210118.101:ERROR:process_memory_win.cc(73)] ReadMemory at 0x1f1c638a5c0 of 132 bytes failed: Only part of a ReadProcessMemory or WriteProcessMemory request was completed. (0x12B)
[1215/210118.101:ERROR:process_memory_win.cc(73)] ReadMemory at 0x1f1c638a7d0 of 132 bytes failed: Only part of a ReadProcessMemory or WriteProcessMemory request was completed. (0x12B)
[1215/210118.101:ERROR:process_memory_win.cc(73)] ReadMemory at 0x1f1c638b780 of 132 bytes failed: Only part of a ReadProcessMemory or WriteProcessMemory request was completed. (0x12B)
[1215/210118.101:ERROR:process_memory_win.cc(73)] ReadMemory at 0x1f1c638b8b0 of 144 bytes failed: Only part of a ReadProcessMemory or WriteProcessMemory request was completed. (0x12B)
[1215/210118.101:ERROR:process_memory_win.cc(73)] ReadMemory at 0x1f1c638b9d0 of 132 bytes failed: Only part of a ReadProcessMemory or WriteProcessMemory request was completed. (0x12B)
[1215/210118.101:ERROR:process_memory_win.cc(73)] ReadMemory at 0x1f1c638d160 of 132 bytes failed: Only part of a ReadProcessMemory or WriteProcessMemory request was completed. (0x12B)
[1215/210118.102:ERROR:process_memory_win.cc(73)] ReadMemory at 0x1f1c638d380 of 132 bytes failed: Only part of a ReadProcessMemory or WriteProcessMemory request was completed. (0x12B)
[1215/210118.102:ERROR:process_memory_win.cc(73)] ReadMemory at 0x1f1c6391c50 of 132 bytes failed: Only part of a ReadProcessMemory or WriteProcessMemory request was completed. (0x12B)
[1215/210118.102:ERROR:process_memory_win.cc(73)] ReadMemory at 0x1f1c6394b90 of 80 bytes failed: Only part of a ReadProcessMemory or WriteProcessMemory request was completed. (0x12B)
[1215/210118.102:ERROR:process_memory_win.cc(73)] ReadMemory at 0x1f1c63950d0 of 132 bytes failed: Only part of a ReadProcessMemory or WriteProcessMemory request was completed. (0x12B)
[1215/210118.102:ERROR:process_memory_win.cc(73)] ReadMemory at 0x1f1c6395200 of 132 bytes failed: Only part of a ReadProcessMemory or WriteProcessMemory request was completed. (0x12B)
[1215/210118.102:ERROR:process_memory_win.cc(73)] ReadMemory at 0x1f1c6395330 of 132 bytes failed: Only part of a ReadProcessMemory or WriteProcessMemory request was completed. (0x12B)
[1215/210118.102:ERROR:process_memory_win.cc(73)] ReadMemory at 0x1f1c6395460 of 132 bytes failed: Only part of a ReadProcessMemory or WriteProcessMemory request was completed. (0x12B)
[1215/210118.103:ERROR:process_memory_win.cc(73)] ReadMemory at 0x1f1c6395590 of 132 bytes failed: Only part of a ReadProcessMemory or WriteProcessMemory request was completed. (0x12B)
[1215/210118.103:ERROR:process_memory_win.cc(73)] ReadMemory at 0x1f1c63957f0 of 132 bytes failed: Only part of a ReadProcessMemory or WriteProcessMemory request was completed. (0x12B)
[1215/210118.103:ERROR:process_memory_win.cc(73)] ReadMemory at 0x1f1c6396170 of 132 bytes failed: Only part of a ReadProcessMemory or WriteProcessMemory request was completed. (0x12B)
[1215/210118.103:ERROR:process_memory_win.cc(73)] ReadMemory at 0x1f1c63962a0 of 132 bytes failed: Only part of a ReadProcessMemory or WriteProcessMemory request was completed. (0x12B)
[1215/210118.103:ERROR:process_memory_win.cc(73)] ReadMemory at 0x1f1c63963d0 of 132 bytes failed: Only part of a ReadProcessMemory or WriteProcessMemory request was completed. (0x12B)
[1215/210118.103:ERROR:process_memory_win.cc(73)] ReadMemory at 0x1f1c6396630 of 132 bytes failed: Only part of a ReadProcessMemory or WriteProcessMemory request was completed. (0x12B)
[1215/210118.103:ERROR:process_memory_win.cc(73)] ReadMemory at 0x1f1c6396760 of 132 bytes failed: Only part of a ReadProcessMemory or WriteProcessMemory request was completed. (0x12B)
[1215/210118.122:ERROR:process_memory_win.cc(73)] ReadMemory at 0x1f1c6396890 of 132 bytes failed: Only part of a ReadProcessMemory or WriteProcessMemory request was completed. (0x12B)
[1215/210118.122:ERROR:process_memory_win.cc(73)] ReadMemory at 0x1f1c63969c0 of 132 bytes failed: Only part of a ReadProcessMemory or WriteProcessMemory request was completed. (0x12B)
[1215/210118.122:ERROR:process_memory_win.cc(73)] ReadMemory at 0x1f1c6396af0 of 132 bytes failed: Only part of a ReadProcessMemory or WriteProcessMemory request was completed. (0x12B)
[1215/210118.122:ERROR:process_memory_win.cc(73)] ReadMemory at 0x1f1c63a5fe0 of 60 bytes failed: Only part of a ReadProcessMemory or WriteProcessMemory request was completed. (0x12B)
[1215/210118.122:ERROR:process_memory_win.cc(73)] ReadMemory at 0x1f1c63b6380 of 66 bytes failed: Only part of a ReadProcessMemory or WriteProcessMemory request was completed. (0x12B)
[1215/210118.122:ERROR:process_memory_win.cc(73)] ReadMemory at 0x1f1c63b64c0 of 62 bytes failed: Only part of a ReadProcessMemory or WriteProcessMemory request was completed. (0x12B)
[1215/210118.123:ERROR:process_memory_win.cc(73)] ReadMemory at 0x1f1c63b6560 of 58 bytes failed: Only part of a ReadProcessMemory or WriteProcessMemory request was completed. (0x12B)
[1215/210118.123:ERROR:process_memory_win.cc(73)] ReadMemory at 0x1f1c63b6600 of 56 bytes failed: Only part of a ReadProcessMemory or WriteProcessMemory request was completed. (0x12B)
[1215/210118.123:ERROR:process_memory_win.cc(73)] ReadMemory at 0x1f1c63b6920 of 60 bytes failed: Only part of a ReadProcessMemory or WriteProcessMemory request was completed. (0x12B)
[1215/210118.123:ERROR:process_memory_win.cc(73)] ReadMemory at 0x1f1c63b6970 of 60 bytes failed: Only part of a ReadProcessMemory or WriteProcessMemory request was completed. (0x12B)
[1215/210118.123:ERROR:process_memory_win.cc(73)] ReadMemory at 0x1f1c63b6b50 of 60 bytes failed: Only part of a ReadProcessMemory or WriteProcessMemory request was completed. (0x12B)
[1215/210118.123:ERROR:process_memory_win.cc(73)] ReadMemory at 0x1f1c63b6bf0 of 62 bytes failed: Only part of a ReadProcessMemory or WriteProcessMemory request was completed. (0x12B)
[1215/210118.123:ERROR:process_memory_win.cc(73)] ReadMemory at 0x1f1c63b6ec0 of 58 bytes failed: Only part of a ReadProcessMemory or WriteProcessMemory request was completed. (0x12B)
[1215/210118.123:ERROR:process_memory_win.cc(73)] ReadMemory at 0x1f1c63c6120 of 62 bytes failed: Only part of a ReadProcessMemory or WriteProcessMemory request was completed. (0x12B)
[1215/210118.124:ERROR:process_memory_win.cc(73)] ReadMemory at 0x1f1c63ccae0 of 78 bytes failed: Only part of a ReadProcessMemory or WriteProcessMemory request was completed. (0x12B)
[1215/210118.124:ERROR:process_memory_win.cc(73)] ReadMemory at 0x1f1c63e2260 of 512 bytes failed: Only part of a ReadProcessMemory or WriteProcessMemory request was completed. (0x12B)
[1215/210118.124:ERROR:process_memory_win.cc(73)] ReadMemory at 0x1f1c63e30e0 of 512 bytes failed: Only part of a ReadProcessMemory or WriteProcessMemory request was completed. (0x12B)
[1215/210118.124:ERROR:process_memory_win.cc(73)] ReadMemory at 0x1f1c63f71c0 of 512 bytes failed: Only part of a ReadProcessMemory or WriteProcessMemory request was completed. (0x12B)
[1215/210118.124:ERROR:process_memory_win.cc(73)] ReadMemory at 0x1f1c63f7b30 of 512 bytes failed: Only part of a ReadProcessMemory or WriteProcessMemory request was completed. (0x12B)
[1215/210118.124:ERROR:process_memory_win.cc(73)] ReadMemory at 0x1f1c63fb010 of 712 bytes failed: Only part of a ReadProcessMemory or WriteProcessMemory request was completed. (0x12B)
[1215/210118.124:ERROR:process_memory_win.cc(73)] ReadMemory at 0x1f1c641d280 of 512 bytes failed: Only part of a ReadProcessMemory or WriteProcessMemory request was completed. (0x12B)
[1215/210118.124:ERROR:process_memory_win.cc(73)] ReadMemory at 0x1f1c642aca0 of 512 bytes failed: Only part of a ReadProcessMemory or WriteProcessMemory request was completed. (0x12B)
[1215/210118.125:ERROR:process_memory_win.cc(73)] ReadMemory at 0x1f1c642bad0 of 512 bytes failed: Only part of a ReadProcessMemory or WriteProcessMemory request was completed. (0x12B)
[1215/210118.125:ERROR:process_memory_win.cc(73)] ReadMemory at 0x1f1c64314d0 of 512 bytes failed: Only part of a ReadProcessMemory or WriteProcessMemory request was completed. (0x12B)
[1215/210118.125:ERROR:process_memory_win.cc(73)] ReadMemory at 0x1f1c6439350 of 512 bytes failed: Only part of a ReadProcessMemory or WriteProcessMemory request was completed. (0x12B)
[1215/210118.125:ERROR:process_memory_win.cc(73)] ReadMemory at 0x1f1c8070000 of 384 bytes failed: Only part of a ReadProcessMemory or WriteProcessMemory request was completed. (0x12B)
[1215/210118.125:ERROR:process_memory_win.cc(73)] ReadMemory at 0x1f1c807ade0 of 512 bytes failed: Only part of a ReadProcessMemory or WriteProcessMemory request was completed. (0x12B)
[1215/210118.125:ERROR:process_memory_win.cc(73)] ReadMemory at 0x1f1c81504a0 of 512 bytes failed: Only part of a ReadProcessMemory or WriteProcessMemory request was completed. (0x12B)
[1215/210118.125:ERROR:process_memory_win.cc(73)] ReadMemory at 0x1f1c83b9320 of 512 bytes failed: Only part of a ReadProcessMemory or WriteProcessMemory request was completed. (0x12B)
[1215/210118.125:ERROR:process_memory_win.cc(73)] ReadMemory at 0x1f1c8409680 of 512 bytes failed: Only part of a ReadProcessMemory or WriteProcessMemory request was completed. (0x12B)
[1215/210118.125:ERROR:process_memory_win.cc(73)] ReadMemory at 0x1f1c840cee0 of 512 bytes failed: Only part of a ReadProcessMemory or WriteProcessMemory request was completed. (0x12B)
[1215/210118.126:ERROR:process_memory_win.cc(73)] ReadMemory at 0x1f1c84db100 of 512 bytes failed: Only part of a ReadProcessMemory or WriteProcessMemory request was completed. (0x12B)
[1215/210118.126:ERROR:process_memory_win.cc(73)] ReadMemory at 0x1f1c8ba7b40 of 512 bytes failed: Only part of a ReadProcessMemory or WriteProcessMemory request was completed. (0x12B)
[1215/210118.126:ERROR:process_memory_win.cc(73)] ReadMemory at 0x1f1c8ba8920 of 528 bytes failed: Only part of a ReadProcessMemory or WriteProcessMemory request was completed. (0x12B)
[1215/210118.132:ERROR:filesystem_win.cc(129)] GetFileAttributes C:\Users\gja\AppData\Local\Temp\scoped_dir13360_463924176\Crashpad\attachments\25e3e9d4-57a4-46f3-9f4d-6f4f6309cb1a: The system cannot find the path specified. (0x3)
[1215/210118.148:ERROR:scoped_process_suspend.cc(40)] NtResumeProcess: An attempt was made to access an exiting process. (0xc000010a)
[1215/213048.517:ERROR:file_io.cc(90)] ReadExactly: expected 36, observed 0
[1216/174546.435:ERROR:directory_reader_win.cc(43)] FindFirstFile: The system cannot find the path specified. (0x3)
[1217/021309.820:ERROR:directory_reader_win.cc(43)] FindFirstFile: The system cannot find the path specified. (0x3)
[1217/021958.221:ERROR:directory_reader_win.cc(43)] FindFirstFile: The system cannot find the path specified. (0x3)
[1217/022102.171:ERROR:directory_reader_win.cc(43)] FindFirstFile: The system cannot find the path specified. (0x3)
[1218/001152.722:ERROR:process_reader_win.cc(151)] SuspendThread: Access is denied. (0x5)
[1218/001152.760:ERROR:process_reader_win.cc(151)] SuspendThread: Access is denied. (0x5)
[1218/001152.761:ERROR:process_reader_win.cc(151)] SuspendThread: Access is denied. (0x5)
[1218/001152.761:ERROR:process_reader_win.cc(151)] SuspendThread: Access is denied. (0x5)
[1218/001152.761:ERROR:process_reader_win.cc(151)] SuspendThread: Access is denied. (0x5)
[1218/001152.761:ERROR:process_reader_win.cc(151)] SuspendThread: Access is denied. (0x5)
[1218/001152.761:ERROR:process_reader_win.cc(151)] SuspendThread: Access is denied. (0x5)
[1218/001152.761:ERROR:process_reader_win.cc(151)] SuspendThread: Access is denied. (0x5)
[1218/001152.761:ERROR:process_reader_win.cc(151)] SuspendThread: Access is denied. (0x5)
[1218/001152.761:ERROR:process_reader_win.cc(151)] SuspendThread: Access is denied. (0x5)
[1218/001152.761:ERROR:process_reader_win.cc(123)] NtOpenThread: {Access Denied} A process has requested access to an object, but has not been granted those access rights. (0xc0000022)
[1218/001152.762:ERROR:exception_snapshot_win.cc(99)] thread ID 12024 not found in process
[1218/001152.812:ERROR:process_reader_win.cc(151)] SuspendThread: Access is denied. (0x5)
[1218/001152.812:ERROR:process_reader_win.cc(151)] SuspendThread: Access is denied. (0x5)
[1218/001152.812:ERROR:process_reader_win.cc(151)] SuspendThread: Access is denied. (0x5)
[1218/001152.812:ERROR:process_reader_win.cc(151)] SuspendThread: Access is denied. (0x5)
[1218/001152.812:ERROR:process_reader_win.cc(151)] SuspendThread: Access is denied. (0x5)
[1218/001152.812:ERROR:process_reader_win.cc(151)] SuspendThread: Access is denied. (0x5)
[1218/001152.812:ERROR:process_reader_win.cc(123)] NtOpenThread: {Access Denied} A process has requested access to an object, but has not been granted those access rights. (0xc0000022)
[1218/001152.812:ERROR:exception_snapshot_win.cc(99)] thread ID 16164 not found in process
[1218/001322.084:ERROR:process_reader_win.cc(151)] SuspendThread: Access is denied. (0x5)
[1218/001322.088:ERROR:process_reader_win.cc(151)] SuspendThread: Access is denied. (0x5)
[1218/001322.088:ERROR:process_reader_win.cc(123)] NtOpenThread: {Access Denied} A process has requested access to an object, but has not been granted those access rights. (0xc0000022)
[1218/001322.088:ERROR:exception_snapshot_win.cc(99)] thread ID 19028 not found in process
[1218/001322.183:ERROR:process_reader_win.cc(151)] SuspendThread: Access is denied. (0x5)
[1218/001322.183:ERROR:process_reader_win.cc(123)] NtOpenThread: {Access Denied} A process has requested access to an object, but has not been granted those access rights. (0xc0000022)
[1218/001322.183:ERROR:exception_snapshot_win.cc(99)] thread ID 15648 not found in process
[1218/001322.193:ERROR:process_reader_win.cc(151)] SuspendThread: Access is denied. (0x5)
[1218/001322.193:ERROR:process_reader_win.cc(151)] SuspendThread: Access is denied. (0x5)
[1218/001322.193:ERROR:process_reader_win.cc(151)] SuspendThread: Access is denied. (0x5)
[1218/001322.193:ERROR:process_reader_win.cc(151)] SuspendThread: Access is denied. (0x5)
[1218/001322.193:ERROR:process_reader_win.cc(151)] SuspendThread: Access is denied. (0x5)
[1218/001322.193:ERROR:process_reader_win.cc(151)] SuspendThread: Access is denied. (0x5)
[1218/001322.194:ERROR:process_reader_win.cc(123)] NtOpenThread: {Access Denied} A process has requested access to an object, but has not been granted those access rights. (0xc0000022)
[1218/001322.194:ERROR:exception_snapshot_win.cc(99)] thread ID 18836 not found in process
[1218/003401.514:ERROR:directory_reader_win.cc(43)] FindFirstFile: The system cannot find the path specified. (0x3)
[1218/003537.406:ERROR:directory_reader_win.cc(43)] FindFirstFile: The system cannot find the path specified. (0x3)
[1218/003955.912:ERROR:directory_reader_win.cc(43)] FindFirstFile: The system cannot find the path specified. (0x3)
[1218/004727.494:ERROR:directory_reader_win.cc(43)] FindFirstFile: The system cannot find the path specified. (0x3)
[1218/010009.292:ERROR:directory_reader_win.cc(43)] FindFirstFile: The system cannot find the path specified. (0x3)
[1218/014303.109:ERROR:directory_reader_win.cc(43)] FindFirstFile: The system cannot find the path specified. (0x3)
[1218/021259.856:ERROR:process_reader_win.cc(151)] SuspendThread: Access is denied. (0x5)
[1218/021259.857:ERROR:process_reader_win.cc(151)] SuspendThread: Access is denied. (0x5)
[1218/021259.857:ERROR:process_reader_win.cc(151)] SuspendThread: Access is denied. (0x5)
[1218/021259.857:ERROR:process_reader_win.cc(151)] SuspendThread: Access is denied. (0x5)
[1218/021259.857:ERROR:process_reader_win.cc(151)] SuspendThread: Access is denied. (0x5)
[1218/021259.857:ERROR:process_reader_win.cc(151)] SuspendThread: Access is denied. (0x5)
[1218/021259.857:ERROR:process_reader_win.cc(151)] SuspendThread: Access is denied. (0x5)
[1218/021259.857:ERROR:process_reader_win.cc(151)] SuspendThread: Access is denied. (0x5)
[1218/021259.857:ERROR:process_reader_win.cc(151)] SuspendThread: Access is denied. (0x5)
[1218/021259.857:ERROR:process_reader_win.cc(151)] SuspendThread: Access is denied. (0x5)
[1218/021259.857:ERROR:process_reader_win.cc(151)] SuspendThread: Access is denied. (0x5)
[1218/021259.858:ERROR:process_reader_win.cc(123)] NtOpenThread: {Access Denied} A process has requested access to an object, but has not been granted those access rights. (0xc0000022)
[1218/021259.858:ERROR:exception_snapshot_win.cc(99)] thread ID 19924 not found in process
[1218/021259.929:ERROR:process_reader_win.cc(151)] SuspendThread: Access is denied. (0x5)
[1218/021259.974:ERROR:process_reader_win.cc(151)] SuspendThread: Access is denied. (0x5)
[1218/021259.974:ERROR:process_reader_win.cc(123)] NtOpenThread: {Access Denied} A process has requested access to an object, but has not been granted those access rights. (0xc0000022)
[1218/021259.975:ERROR:exception_snapshot_win.cc(99)] thread ID 13560 not found in process
[1218/021300.049:ERROR:process_reader_win.cc(151)] SuspendThread: Access is denied. (0x5)
[1218/021300.049:ERROR:process_reader_win.cc(151)] SuspendThread: Access is denied. (0x5)
[1218/021300.049:ERROR:process_reader_win.cc(151)] SuspendThread: Access is denied. (0x5)
[1218/021300.049:ERROR:process_reader_win.cc(151)] SuspendThread: Access is denied. (0x5)
[1218/021300.049:ERROR:process_reader_win.cc(151)] SuspendThread: Access is denied. (0x5)
[1218/021300.049:ERROR:process_reader_win.cc(123)] NtOpenThread: {Access Denied} A process has requested access to an object, but has not been granted those access rights. (0xc0000022)
[1218/021300.049:ERROR:exception_snapshot_win.cc(99)] thread ID 7528 not found in process
[1218/022358.589:ERROR:directory_reader_win.cc(43)] FindFirstFile: The system cannot find the path specified. (0x3)
[1218/185757.929:ERROR:process_reader_win.cc(151)] SuspendThread: Access is denied. (0x5)
[1218/185757.973:ERROR:process_reader_win.cc(123)] NtOpenThread: {Access Denied} A process has requested access to an object, but has not been granted those access rights. (0xc0000022)
[1218/185757.974:ERROR:exception_snapshot_win.cc(99)] thread ID 18780 not found in process
[1218/185757.933:ERROR:process_reader_win.cc(151)] SuspendThread: Access is denied. (0x5)
[1218/185757.986:ERROR:process_reader_win.cc(151)] SuspendThread: Access is denied. (0x5)
[1218/185757.986:ERROR:process_reader_win.cc(151)] SuspendThread: Access is denied. (0x5)
[1218/185757.986:ERROR:process_reader_win.cc(123)] NtOpenThread: {Access Denied} A process has requested access to an object, but has not been granted those access rights. (0xc0000022)
[1218/185757.988:ERROR:exception_snapshot_win.cc(99)] thread ID 5428 not found in process
[1218/185758.070:ERROR:process_reader_win.cc(123)] NtOpenThread: {Access Denied} A process has requested access to an object, but has not been granted those access rights. (0xc0000022)
[1218/185758.070:ERROR:exception_snapshot_win.cc(99)] thread ID 15324 not found in process
[1218/185758.083:ERROR:process_reader_win.cc(151)] SuspendThread: Access is denied. (0x5)
[1218/185758.084:ERROR:process_reader_win.cc(151)] SuspendThread: Access is denied. (0x5)
[1218/185758.084:ERROR:process_reader_win.cc(151)] SuspendThread: Access is denied. (0x5)
[1218/185758.084:ERROR:process_reader_win.cc(123)] NtOpenThread: {Access Denied} A process has requested access to an object, but has not been granted those access rights. (0xc0000022)
[1218/185758.084:ERROR:exception_snapshot_win.cc(99)] thread ID 6376 not found in process
[1218/185758.087:ERROR:process_reader_win.cc(151)] SuspendThread: Access is denied. (0x5)
[1218/185758.087:ERROR:process_reader_win.cc(151)] SuspendThread: Access is denied. (0x5)
[1218/185758.087:ERROR:process_reader_win.cc(151)] SuspendThread: Access is denied. (0x5)
[1218/185758.087:ERROR:process_reader_win.cc(151)] SuspendThread: Access is denied. (0x5)
[1218/185758.087:ERROR:process_reader_win.cc(123)] NtOpenThread: {Access Denied} A process has requested access to an object, but has not been granted those access rights. (0xc0000022)
[1218/185758.087:ERROR:exception_snapshot_win.cc(99)] thread ID 18448 not found in process
[1218/190752.908:ERROR:process_reader_win.cc(151)] SuspendThread: Access is denied. (0x5)
[1218/190752.908:ERROR:process_reader_win.cc(151)] SuspendThread: Access is denied. (0x5)
[1218/190752.910:ERROR:process_reader_win.cc(123)] NtOpenThread: {Access Denied} A process has requested access to an object, but has not been granted those access rights. (0xc0000022)
[1218/190752.910:ERROR:exception_snapshot_win.cc(99)] thread ID 12308 not found in process
[1218/190752.910:ERROR:process_reader_win.cc(123)] NtOpenThread: {Access Denied} A process has requested access to an object, but has not been granted those access rights. (0xc0000022)
[1218/190752.911:ERROR:exception_snapshot_win.cc(99)] thread ID 19128 not found in process
[1218/190752.926:ERROR:process_reader_win.cc(151)] SuspendThread: Access is denied. (0x5)
[1218/190752.926:ERROR:process_reader_win.cc(151)] SuspendThread: Access is denied. (0x5)
[1218/190752.926:ERROR:process_reader_win.cc(151)] SuspendThread: Access is denied. (0x5)
[1218/190752.926:ERROR:process_reader_win.cc(123)] NtOpenThread: {Access Denied} A process has requested access to an object, but has not been granted those access rights. (0xc0000022)
[1218/190752.927:ERROR:exception_snapshot_win.cc(99)] thread ID 9956 not found in process
[1218/190752.952:ERROR:process_reader_win.cc(151)] SuspendThread: Access is denied. (0x5)
[1218/190752.952:ERROR:process_reader_win.cc(151)] SuspendThread: Access is denied. (0x5)
[1218/190752.952:ERROR:process_reader_win.cc(123)] NtOpenThread: {Access Denied} A process has requested access to an object, but has not been granted those access rights. (0xc0000022)
[1218/190752.952:ERROR:exception_snapshot_win.cc(99)] thread ID 7704 not found in process
[1218/190752.960:ERROR:process_reader_win.cc(123)] NtOpenThread: {Access Denied} A process has requested access to an object, but has not been granted those access rights. (0xc0000022)
[1218/190752.962:ERROR:exception_snapshot_win.cc(99)] thread ID 13080 not found in process
[1218/190752.974:ERROR:process_reader_win.cc(151)] SuspendThread: Access is denied. (0x5)
[1218/190752.974:ERROR:process_reader_win.cc(151)] SuspendThread: Access is denied. (0x5)
[1218/190752.974:ERROR:process_reader_win.cc(123)] NtOpenThread: {Access Denied} A process has requested access to an object, but has not been granted those access rights. (0xc0000022)
[1218/190752.974:ERROR:exception_snapshot_win.cc(99)] thread ID 6032 not found in process
[1218/190753.027:ERROR:process_reader_win.cc(151)] SuspendThread: Access is denied. (0x5)
[1218/190753.029:ERROR:process_reader_win.cc(151)] SuspendThread: Access is denied. (0x5)
[1218/190753.029:ERROR:process_reader_win.cc(151)] SuspendThread: Access is denied. (0x5)
[1218/190753.029:ERROR:process_reader_win.cc(151)] SuspendThread: Access is denied. (0x5)
[1218/190753.029:ERROR:process_reader_win.cc(151)] SuspendThread: Access is denied. (0x5)
[1218/190753.029:ERROR:process_reader_win.cc(151)] SuspendThread: Access is denied. (0x5)
[1218/190753.029:ERROR:process_reader_win.cc(123)] NtOpenThread: {Access Denied} A process has requested access to an object, but has not been granted those access rights. (0xc0000022)
[1218/190753.030:ERROR:exception_snapshot_win.cc(99)] thread ID 5380 not found in process
[1218/190753.031:ERROR:process_reader_win.cc(151)] SuspendThread: Access is denied. (0x5)
[1218/190753.031:ERROR:process_reader_win.cc(151)] SuspendThread: Access is denied. (0x5)
[1218/190753.031:ERROR:process_reader_win.cc(123)] NtOpenThread: {Access Denied} A process has requested access to an object, but has not been granted those access rights. (0xc0000022)
[1218/190753.031:ERROR:exception_snapshot_win.cc(99)] thread ID 1100 not found in process
[1218/190753.105:ERROR:process_reader_win.cc(123)] NtOpenThread: {Access Denied} A process has requested access to an object, but has not been granted those access rights. (0xc0000022)
[1218/190753.106:ERROR:exception_snapshot_win.cc(99)] thread ID 16216 not found in process
